{"name":"verifyThatChatWidgetContainerAppears","status":"skipped","statusDetails":{"known":false,"muted":false,"flaky":false,"message":"session not created: This version of ChromeDriver only supports Chrome version 85\nBuild info: version: '3.141.59', revision: 'e82be7d358', time: '2018-11-14T08:25:53'\nSystem info: host: 'tindzhov-mbp', ip: 'fd80:717a:ae7f:1700:78ca:bca:4ad4:861f%en0', os.name: 'Mac OS X', os.arch: 'x86_64', os.version: '10.14.6', java.version: '1.8.0_191'\nDriver info: driver.version: unknown\nremote stacktrace: 0   chromedriver                        0x000000010c5446b9 chromedriver + 4904633\n1   chromedriver                        0x000000010c4e3de3 chromedriver + 4509155\n2   chromedriver                        0x000000010c153c06 chromedriver + 773126\n3   chromedriver                        0x000000010c0aee62 chromedriver + 97890\n4   chromedriver                        0x000000010c0ab77f chromedriver + 83839\n5   chromedriver                        0x000000010c0da166 chromedriver + 274790\n6   chromedriver                        0x000000010c0d7173 chromedriver + 262515\n7   chromedriver                        0x000000010c0b1130 chromedriver + 106800\n8   chromedriver                        0x000000010c0b20a3 chromedriver + 110755\n9   chromedriver                        0x000000010c50d032 chromedriver + 4677682\n10  chromedriver                        0x000000010c51aeca chromedriver + 4734666\n11  chromedriver                        0x000000010c51ab81 chromedriver + 4733825\n12  chromedriver                        0x000000010c4f020e chromedriver + 4559374\n13  chromedriver                        0x000000010c51b3f1 chromedriver + 4735985\n14  chromedriver                        0x000000010c501dea chromedriver + 4632042\n15  chromedriver                        0x000000010c53446a chromedriver + 4838506\n16  chromedriver                        0x000000010c54a9d7 chromedriver + 4930007\n17  libsystem_pthread.dylib             0x00007fff7077e2eb _pthread_body + 126\n18  libsystem_pthread.dylib             0x00007fff70781249 _pthread_start + 66\n19  libsystem_pthread.dylib             0x00007fff7077d40d thread_start + 13\n\nCommand duration or timeout: 4.25 seconds","trace":"org.openqa.selenium.SessionNotCreatedException: session not created: This version of ChromeDriver only supports Chrome version 85\nBuild info: version: '3.141.59', revision: 'e82be7d358', time: '2018-11-14T08:25:53'\nSystem info: host: 'tindzhov-mbp', ip: 'fd80:717a:ae7f:1700:78ca:bca:4ad4:861f%en0', os.name: 'Mac OS X', os.arch: 'x86_64', os.version: '10.14.6', java.version: '1.8.0_191'\nDriver info: driver.version: unknown\nremote stacktrace: 0   chromedriver                        0x000000010c5446b9 chromedriver + 4904633\n1   chromedriver                        0x000000010c4e3de3 chromedriver + 4509155\n2   chromedriver                        0x000000010c153c06 chromedriver + 773126\n3   chromedriver                        0x000000010c0aee62 chromedriver + 97890\n4   chromedriver                        0x000000010c0ab77f chromedriver + 83839\n5   chromedriver                        0x000000010c0da166 chromedriver + 274790\n6   chromedriver                        0x000000010c0d7173 chromedriver + 262515\n7   chromedriver                        0x000000010c0b1130 chromedriver + 106800\n8   chromedriver                        0x000000010c0b20a3 chromedriver + 110755\n9   chromedriver                        0x000000010c50d032 chromedriver + 4677682\n10  chromedriver                        0x000000010c51aeca chromedriver + 4734666\n11  chromedriver                        0x000000010c51ab81 chromedriver + 4733825\n12  chromedriver                        0x000000010c4f020e chromedriver + 4559374\n13  chromedriver                        0x000000010c51b3f1 chromedriver + 4735985\n14  chromedriver                        0x000000010c501dea chromedriver + 4632042\n15  chromedriver                        0x000000010c53446a chromedriver + 4838506\n16  chromedriver                        0x000000010c54a9d7 chromedriver + 4930007\n17  libsystem_pthread.dylib             0x00007fff7077e2eb _pthread_body + 126\n18  libsystem_pthread.dylib             0x00007fff70781249 _pthread_start + 66\n19  libsystem_pthread.dylib             0x00007fff7077d40d thread_start + 13\n\nCommand duration or timeout: 4.25 seconds\n\tat java.base/jdk.internal.reflect.NativeConstructorAccessorImpl.newInstance0(Native Method)\n\tat java.base/jdk.internal.reflect.NativeConstructorAccessorImpl.newInstance(NativeConstructorAccessorImpl.java:62)\n\tat java.base/jdk.internal.reflect.DelegatingConstructorAccessorImpl.newInstance(DelegatingConstructorAccessorImpl.java:45)\n\tat java.base/java.lang.reflect.Constructor.newInstance(Constructor.java:490)\n\tat org.openqa.selenium.remote.ErrorHandler.createThrowable(ErrorHandler.java:214)\n\tat org.openqa.selenium.remote.ErrorHandler.throwIfResponseFailed(ErrorHandler.java:166)\n\tat org.openqa.selenium.remote.JsonWireProtocolResponse.lambda$errorHandler$0(JsonWireProtocolResponse.java:54)\n\tat org.openqa.selenium.remote.HandshakeResponse.lambda$getResponseFunction$0(HandshakeResponse.java:30)\n\tat org.openqa.selenium.remote.ProtocolHandshake.lambda$createSession$0(ProtocolHandshake.java:126)\n\tat java.base/java.util.stream.ReferencePipeline$3$1.accept(ReferencePipeline.java:195)\n\tat java.base/java.util.Spliterators$ArraySpliterator.tryAdvance(Spliterators.java:958)\n\tat java.base/java.util.stream.ReferencePipeline.forEachWithCancel(ReferencePipeline.java:127)\n\tat java.base/java.util.stream.AbstractPipeline.copyIntoWithCancel(AbstractPipeline.java:502)\n\tat java.base/java.util.stream.AbstractPipeline.copyInto(AbstractPipeline.java:488)\n\tat java.base/java.util.stream.AbstractPipeline.wrapAndCopyInto(AbstractPipeline.java:474)\n\tat java.base/java.util.stream.FindOps$FindOp.evaluateSequential(FindOps.java:150)\n\tat java.base/java.util.stream.AbstractPipeline.evaluate(AbstractPipeline.java:234)\n\tat java.base/java.util.stream.ReferencePipeline.findFirst(ReferencePipeline.java:543)\n\tat org.openqa.selenium.remote.ProtocolHandshake.createSession(ProtocolHandshake.java:128)\n\tat org.openqa.selenium.remote.ProtocolHandshake.createSession(ProtocolHandshake.java:74)\n\tat org.openqa.selenium.remote.HttpCommandExecutor.execute(HttpCommandExecutor.java:136)\n\tat org.openqa.selenium.remote.RemoteWebDriver.execute(RemoteWebDriver.java:552)\n\tat org.openqa.selenium.remote.RemoteWebDriver.startSession(RemoteWebDriver.java:213)\n\tat org.openqa.selenium.remote.RemoteWebDriver.<init>(RemoteWebDriver.java:131)\n\tat org.openqa.selenium.remote.RemoteWebDriver.<init>(RemoteWebDriver.java:144)\n\tat com.web.tests.BaseTest.initialize(BaseTest.java:40)\n\tat com.web.tests.phpSite.BasePagesTest.before(BasePagesTest.java:12)\n\tat java.base/jdk.internal.reflect.NativeMethodAccessorImpl.invoke0(Native Method)\n\tat java.base/jdk.internal.reflect.NativeMethodAccessorImpl.invoke(NativeMethodAccessorImpl.java:62)\n\tat java.base/jdk.internal.reflect.DelegatingMethodAccessorImpl.invoke(DelegatingMethodAccessorImpl.java:43)\n\tat java.base/java.lang.reflect.Method.invoke(Method.java:566)\n\tat org.testng.internal.MethodInvocationHelper.invokeMethod(MethodInvocationHelper.java:108)\n\tat org.testng.internal.Invoker.invokeConfigurationMethod(Invoker.java:523)\n\tat org.testng.internal.Invoker.invokeConfigurations(Invoker.java:224)\n\tat org.testng.internal.Invoker.invokeConfigurations(Invoker.java:146)\n\tat org.testng.internal.TestMethodWorker.invokeBeforeClassMethods(TestMethodWorker.java:166)\n\tat org.testng.internal.TestMethodWorker.run(TestMethodWorker.java:105)\n\tat org.testng.TestRunner.privateRun(TestRunner.java:744)\n\tat org.testng.TestRunner.run(TestRunner.java:602)\n\tat org.testng.SuiteRunner.runTest(SuiteRunner.java:380)\n\tat org.testng.SuiteRunner.runSequentially(SuiteRunner.java:375)\n\tat org.testng.SuiteRunner.privateRun(SuiteRunner.java:340)\n\tat org.testng.SuiteRunner.run(SuiteRunner.java:289)\n\tat org.testng.SuiteRunnerWorker.runSuite(SuiteRunnerWorker.java:52)\n\tat org.testng.SuiteRunnerWorker.run(SuiteRunnerWorker.java:86)\n\tat org.testng.TestNG.runSuitesSequentially(TestNG.java:1301)\n\tat org.testng.TestNG.runSuitesLocally(TestNG.java:1226)\n\tat org.testng.TestNG.runSuites(TestNG.java:1144)\n\tat org.testng.TestNG.run(TestNG.java:1115)\n\tat org.apache.maven.surefire.testng.TestNGExecutor.run(TestNGExecutor.java:283)\n\tat org.apache.maven.surefire.testng.TestNGXmlTestSuite.execute(TestNGXmlTestSuite.java:75)\n\tat org.apache.maven.surefire.testng.TestNGProvider.invoke(TestNGProvider.java:120)\n\tat org.apache.maven.surefire.booter.ForkedBooter.invokeProviderInSameClassLoader(ForkedBooter.java:384)\n\tat org.apache.maven.surefire.booter.ForkedBooter.runSuitesInProcess(ForkedBooter.java:345)\n\tat org.apache.maven.surefire.booter.ForkedBooter.execute(ForkedBooter.java:126)\n\tat org.apache.maven.surefire.booter.ForkedBooter.main(ForkedBooter.java:418)\nCaused by: org.openqa.selenium.SessionNotCreatedException: session not created: This version of ChromeDriver only supports Chrome version 85\nBuild info: version: '3.141.59', revision: 'e82be7d358', time: '2018-11-14T08:25:53'\nSystem info: host: 'tindzhov-mbp', ip: 'fd80:717a:ae7f:1700:78ca:bca:4ad4:861f%en0', os.name: 'Mac OS X', os.arch: 'x86_64', os.version: '10.14.6', java.version: '1.8.0_191'\nDriver info: driver.version: unknown\nremote stacktrace: 0   chromedriver                        0x000000010c5446b9 chromedriver + 4904633\n1   chromedriver                        0x000000010c4e3de3 chromedriver + 4509155\n2   chromedriver                        0x000000010c153c06 chromedriver + 773126\n3   chromedriver                        0x000000010c0aee62 chromedriver + 97890\n4   chromedriver                        0x000000010c0ab77f chromedriver + 83839\n5   chromedriver                        0x000000010c0da166 chromedriver + 274790\n6   chromedriver                        0x000000010c0d7173 chromedriver + 262515\n7   chromedriver                        0x000000010c0b1130 chromedriver + 106800\n8   chromedriver                        0x000000010c0b20a3 chromedriver + 110755\n9   chromedriver                        0x000000010c50d032 chromedriver + 4677682\n10  chromedriver                        0x000000010c51aeca chromedriver + 4734666\n11  chromedriver                        0x000000010c51ab81 chromedriver + 4733825\n12  chromedriver                        0x000000010c4f020e chromedriver + 4559374\n13  chromedriver                        0x000000010c51b3f1 chromedriver + 4735985\n14  chromedriver                        0x000000010c501dea chromedriver + 4632042\n15  chromedriver                        0x000000010c53446a chromedriver + 4838506\n16  chromedriver                        0x000000010c54a9d7 chromedriver + 4930007\n17  libsystem_pthread.dylib             0x00007fff7077e2eb _pthread_body + 126\n18  libsystem_pthread.dylib             0x00007fff70781249 _pthread_start + 66\n19  libsystem_pthread.dylib             0x00007fff7077d40d thread_start + 13\n\nBuild info: version: '3.141.59', revision: 'e82be7d358', time: '2018-11-14T08:17:03'\nSystem info: host: 'tindzhov-mbp', ip: 'fd80:717a:ae7f:1700:78ca:bca:4ad4:861f%en0', os.name: 'Mac OS X', os.arch: 'x86_64', os.version: '10.14.6', java.version: '11.0.5'\nDriver info: driver.version: unknown\n\tat sun.reflect.NativeConstructorAccessorImpl.newInstance0(Native Method)\n\tat sun.reflect.NativeConstructorAccessorImpl.newInstance(NativeConstructorAccessorImpl.java:62)\n\tat sun.reflect.DelegatingConstructorAccessorImpl.newInstance(DelegatingConstructorAccessorImpl.java:45)\n\tat java.lang.reflect.Constructor.newInstance(Constructor.java:423)\n\tat org.openqa.selenium.remote.W3CHandshakeResponse.lambda$errorHandler$0(W3CHandshakeResponse.java:62)\n\tat org.openqa.selenium.remote.HandshakeResponse.lambda$getResponseFunction$0(HandshakeResponse.java:30)\n\tat org.openqa.selenium.remote.ProtocolHandshake.lambda$createSession$0(ProtocolHandshake.java:126)\n\tat java.util.stream.ReferencePipeline$3$1.accept(ReferencePipeline.java:193)\n\tat java.util.Spliterators$ArraySpliterator.tryAdvance(Spliterators.java:958)\n\tat java.util.stream.ReferencePipeline.forEachWithCancel(ReferencePipeline.java:126)\n\tat java.util.stream.AbstractPipeline.copyIntoWithCancel(AbstractPipeline.java:498)\n\tat java.util.stream.AbstractPipeline.copyInto(AbstractPipeline.java:485)\n\tat java.util.stream.AbstractPipeline.wrapAndCopyInto(AbstractPipeline.java:471)\n\tat java.util.stream.FindOps$FindOp.evaluateSequential(FindOps.java:152)\n\tat java.util.stream.AbstractPipeline.evaluate(AbstractPipeline.java:234)\n\tat java.util.stream.ReferencePipeline.findFirst(ReferencePipeline.java:464)\n\tat org.openqa.selenium.remote.ProtocolHandshake.createSession(ProtocolHandshake.java:128)\n\tat org.openqa.selenium.remote.ProtocolHandshake.createSession(ProtocolHandshake.java:74)\n\tat org.openqa.selenium.grid.session.remote.RemoteSession$Factory.performHandshake(RemoteSession.java:147)\n\tat org.openqa.selenium.grid.session.remote.ServicedSession$Factory.apply(ServicedSession.java:161)\n\tat org.openqa.selenium.remote.server.ActiveSessionFactory.lambda$apply$12(ActiveSessionFactory.java:180)\n\tat java.util.stream.ReferencePipeline$3$1.accept(ReferencePipeline.java:193)\n\tat java.util.stream.ReferencePipeline$11$1.accept(ReferencePipeline.java:373)\n\tat java.util.stream.ReferencePipeline$2$1.accept(ReferencePipeline.java:175)\n\tat java.util.Spliterators$ArraySpliterator.tryAdvance(Spliterators.java:958)\n\tat java.util.stream.ReferencePipeline.forEachWithCancel(ReferencePipeline.java:126)\n\tat java.util.stream.AbstractPipeline.copyIntoWithCancel(AbstractPipeline.java:498)\n\tat java.util.stream.AbstractPipeline.copyInto(AbstractPipeline.java:485)\n\tat java.util.stream.AbstractPipeline.wrapAndCopyInto(AbstractPipeline.java:471)\n\tat java.util.stream.FindOps$FindOp.evaluateSequential(FindOps.java:152)\n\tat java.util.stream.AbstractPipeline.evaluate(AbstractPipeline.java:234)\n\tat java.util.stream.ReferencePipeline.findFirst(ReferencePipeline.java:464)\n\tat org.openqa.selenium.remote.server.ActiveSessionFactory.apply(ActiveSessionFactory.java:183)\n\tat org.openqa.selenium.remote.server.NewSessionPipeline.lambda$null$2(NewSessionPipeline.java:66)\n\tat java.util.stream.ReferencePipeline$3$1.accept(ReferencePipeline.java:193)\n\tat java.util.stream.ReferencePipeline$2$1.accept(ReferencePipeline.java:175)\n\tat java.util.Collections$2.tryAdvance(Collections.java:4717)\n\tat java.util.stream.ReferencePipeline.forEachWithCancel(ReferencePipeline.java:126)\n\tat java.util.stream.AbstractPipeline.copyIntoWithCancel(AbstractPipeline.java:498)\n\tat java.util.stream.AbstractPipeline.copyInto(AbstractPipeline.java:485)\n\tat java.util.stream.AbstractPipeline.wrapAndCopyInto(AbstractPipeline.java:471)\n\tat java.util.stream.FindOps$FindOp.evaluateSequential(FindOps.java:152)\n\tat java.util.stream.AbstractPipeline.evaluate(AbstractPipeline.java:234)\n\tat java.util.stream.ReferencePipeline.findFirst(ReferencePipeline.java:464)\n\tat org.openqa.selenium.remote.server.NewSessionPipeline.lambda$createNewSession$3(NewSessionPipeline.java:69)\n\tat java.util.stream.ReferencePipeline$3$1.accept(ReferencePipeline.java:193)\n\tat java.util.stream.ReferencePipeline$3$1.accept(ReferencePipeline.java:193)\n\tat java.util.stream.ReferencePipeline$3$1.accept(ReferencePipeline.java:193)\n\tat java.util.stream.DistinctOps$1$2.accept(DistinctOps.java:175)\n\tat java.util.stream.ReferencePipeline$2$1.accept(ReferencePipeline.java:175)\n\tat java.util.stream.ReferencePipeline$3$1.accept(ReferencePipeline.java:193)\n\tat java.util.stream.ReferencePipeline$2$1.accept(ReferencePipeline.java:175)\n\tat java.util.stream.Streams$StreamBuilderImpl.tryAdvance(Streams.java:405)\n\tat java.util.stream.Streams$ConcatSpliterator.tryAdvance(Streams.java:728)\n\tat java.util.stream.ReferencePipeline.forEachWithCancel(ReferencePipeline.java:126)\n\tat java.util.stream.AbstractPipeline.copyIntoWithCancel(AbstractPipeline.java:498)\n\tat java.util.stream.AbstractPipeline.copyInto(AbstractPipeline.java:485)\n\tat java.util.stream.AbstractPipeline.wrapAndCopyInto(AbstractPipeline.java:471)\n\tat java.util.stream.FindOps$FindOp.evaluateSequential(FindOps.java:152)\n\tat java.util.stream.AbstractPipeline.evaluate(AbstractPipeline.java:234)\n\tat java.util.stream.ReferencePipeline.findFirst(ReferencePipeline.java:464)\n\tat org.openqa.selenium.remote.server.NewSessionPipeline.createNewSession(NewSessionPipeline.java:72)\n\tat org.openqa.selenium.remote.server.commandhandler.BeginSession.execute(BeginSession.java:65)\n\tat org.openqa.selenium.remote.server.WebDriverServlet.lambda$handle$0(WebDriverServlet.java:235)\n\tat java.util.concurrent.Executors$RunnableAdapter.call(Executors.java:511)\n\tat java.util.concurrent.FutureTask.run(FutureTask.java:266)\n\tat java.util.concurrent.ThreadPoolExecutor.runWorker(ThreadPoolExecutor.java:1149)\n\tat java.util.concurrent.ThreadPoolExecutor$Worker.run(ThreadPoolExecutor.java:624)\n\tat java.lang.Thread.run(Thread.java:748)\n"},"stage":"finished","steps":[],"attachments":[],"parameters":[],"start":1615381245575,"stop":1615381245579,"uuid":"349604bb-1a56-4fba-bd90-c3ed0a0384bc","historyId":"e1e0a5584f48ab82e63194396821a545","fullName":"com.web.tests.phpSite.phpTravels.homeTests.HomePageElementsVerification.verifyThatChatWidgetContainerAppears","labels":[{"name":"package","value":"com.web.tests.phpSite.phpTravels.homeTests.HomePageElementsVerification"},{"name":"testClass","value":"com.web.tests.phpSite.phpTravels.homeTests.HomePageElementsVerification"},{"name":"testMethod","value":"verifyThatChatWidgetContainerAppears"},{"name":"parentSuite","value":"Suit"},{"name":"suite","value":"AbnAttributes"},{"name":"subSuite","value":"com.web.tests.phpSite.phpTravels.homeTests.HomePageElementsVerification"},{"name":"host","value":"tindzhov-mbp"},{"name":"thread","value":"9429@tindzhov-mbp.main(1)"},{"name":"framework","value":"testng"},{"name":"language","value":"java"}],"links":[]}