{"uuid":"90a9761d-7dfd-4a97-95ad-ad94d48cf5da","name":"com.web.tests.phpSite.phpTravels.homeTests.HomePageElementsVerification","children":["023da448-25fa-4dbb-bfe2-d0b95b2270e3","b8b19bf1-3da3-4895-8bf8-5bfdc7bc9042"],"befores":[{"name":"before","status":"broken","statusDetails":{"known":false,"muted":false,"flaky":false,"message":"session not created: No matching capabilities found\nBuild info: version: '3.141.59', revision: 'e82be7d358', time: '2018-11-14T08:25:53'\nSystem info: host: 'tindzhov-mbp', ip: 'fd80:717a:ae7f:1700:e816:bfca:3202:30b3%en0', os.name: 'Mac OS X', os.arch: 'x86_64', os.version: '10.14.6', java.version: '1.8.0_191'\nDriver info: driver.version: unknown\nremote stacktrace: 0   chromedriver                        0x000000010922d1b9 chromedriver + 4911545\n1   chromedriver                        0x00000001091cce03 chromedriver + 4517379\n2   chromedriver                        0x0000000108e3ada6 chromedriver + 773542\n3   chromedriver                        0x0000000108dc0b10 chromedriver + 273168\n4   chromedriver                        0x0000000108dc0168 chromedriver + 270696\n5   chromedriver                        0x0000000108dc158d chromedriver + 275853\n6   chromedriver                        0x0000000108dbe723 chromedriver + 263971\n7   chromedriver                        0x0000000108d98720 chromedriver + 108320\n8   chromedriver                        0x0000000108d99693 chromedriver + 112275\n9   chromedriver                        0x00000001091f5f72 chromedriver + 4685682\n10  chromedriver                        0x0000000109203b3a chromedriver + 4741946\n11  chromedriver                        0x0000000109203801 chromedriver + 4741121\n12  chromedriver                        0x00000001091d925e chromedriver + 4567646\n13  chromedriver                        0x0000000109204061 chromedriver + 4743265\n14  chromedriver                        0x00000001091ead0a chromedriver + 4640010\n15  chromedriver                        0x000000010921d0ba chromedriver + 4845754\n16  chromedriver                        0x0000000109233387 chromedriver + 4936583\n17  libsystem_pthread.dylib             0x00007fff78c442eb _pthread_body + 126\n18  libsystem_pthread.dylib             0x00007fff78c47249 _pthread_start + 66\n19  libsystem_pthread.dylib             0x00007fff78c4340d thread_start + 13\n\nCommand duration or timeout: 66 milliseconds","trace":"org.openqa.selenium.SessionNotCreatedException: session not created: No matching capabilities found\nBuild info: version: '3.141.59', revision: 'e82be7d358', time: '2018-11-14T08:25:53'\nSystem info: host: 'tindzhov-mbp', ip: 'fd80:717a:ae7f:1700:e816:bfca:3202:30b3%en0', os.name: 'Mac OS X', os.arch: 'x86_64', os.version: '10.14.6', java.version: '1.8.0_191'\nDriver info: driver.version: unknown\nremote stacktrace: 0   chromedriver                        0x000000010922d1b9 chromedriver + 4911545\n1   chromedriver                        0x00000001091cce03 chromedriver + 4517379\n2   chromedriver                        0x0000000108e3ada6 chromedriver + 773542\n3   chromedriver                        0x0000000108dc0b10 chromedriver + 273168\n4   chromedriver                        0x0000000108dc0168 chromedriver + 270696\n5   chromedriver                        0x0000000108dc158d chromedriver + 275853\n6   chromedriver                        0x0000000108dbe723 chromedriver + 263971\n7   chromedriver                        0x0000000108d98720 chromedriver + 108320\n8   chromedriver                        0x0000000108d99693 chromedriver + 112275\n9   chromedriver                        0x00000001091f5f72 chromedriver + 4685682\n10  chromedriver                        0x0000000109203b3a chromedriver + 4741946\n11  chromedriver                        0x0000000109203801 chromedriver + 4741121\n12  chromedriver                        0x00000001091d925e chromedriver + 4567646\n13  chromedriver                        0x0000000109204061 chromedriver + 4743265\n14  chromedriver                        0x00000001091ead0a chromedriver + 4640010\n15  chromedriver                        0x000000010921d0ba chromedriver + 4845754\n16  chromedriver                        0x0000000109233387 chromedriver + 4936583\n17  libsystem_pthread.dylib             0x00007fff78c442eb _pthread_body + 126\n18  libsystem_pthread.dylib             0x00007fff78c47249 _pthread_start + 66\n19  libsystem_pthread.dylib             0x00007fff78c4340d thread_start + 13\n\nCommand duration or timeout: 66 milliseconds\n\tat java.base/jdk.internal.reflect.NativeConstructorAccessorImpl.newInstance0(Native Method)\n\tat java.base/jdk.internal.reflect.NativeConstructorAccessorImpl.newInstance(NativeConstructorAccessorImpl.java:62)\n\tat java.base/jdk.internal.reflect.DelegatingConstructorAccessorImpl.newInstance(DelegatingConstructorAccessorImpl.java:45)\n\tat java.base/java.lang.reflect.Constructor.newInstance(Constructor.java:490)\n\tat org.openqa.selenium.remote.ErrorHandler.createThrowable(ErrorHandler.java:214)\n\tat org.openqa.selenium.remote.ErrorHandler.throwIfResponseFailed(ErrorHandler.java:166)\n\tat org.openqa.selenium.remote.JsonWireProtocolResponse.lambda$errorHandler$0(JsonWireProtocolResponse.java:54)\n\tat org.openqa.selenium.remote.HandshakeResponse.lambda$getResponseFunction$0(HandshakeResponse.java:30)\n\tat org.openqa.selenium.remote.ProtocolHandshake.lambda$createSession$0(ProtocolHandshake.java:126)\n\tat java.base/java.util.stream.ReferencePipeline$3$1.accept(ReferencePipeline.java:195)\n\tat java.base/java.util.Spliterators$ArraySpliterator.tryAdvance(Spliterators.java:958)\n\tat java.base/java.util.stream.ReferencePipeline.forEachWithCancel(ReferencePipeline.java:127)\n\tat java.base/java.util.stream.AbstractPipeline.copyIntoWithCancel(AbstractPipeline.java:502)\n\tat java.base/java.util.stream.AbstractPipeline.copyInto(AbstractPipeline.java:488)\n\tat java.base/java.util.stream.AbstractPipeline.wrapAndCopyInto(AbstractPipeline.java:474)\n\tat java.base/java.util.stream.FindOps$FindOp.evaluateSequential(FindOps.java:150)\n\tat java.base/java.util.stream.AbstractPipeline.evaluate(AbstractPipeline.java:234)\n\tat java.base/java.util.stream.ReferencePipeline.findFirst(ReferencePipeline.java:543)\n\tat org.openqa.selenium.remote.ProtocolHandshake.createSession(ProtocolHandshake.java:128)\n\tat org.openqa.selenium.remote.ProtocolHandshake.createSession(ProtocolHandshake.java:74)\n\tat org.openqa.selenium.remote.HttpCommandExecutor.execute(HttpCommandExecutor.java:136)\n\tat org.openqa.selenium.remote.RemoteWebDriver.execute(RemoteWebDriver.java:552)\n\tat org.openqa.selenium.remote.RemoteWebDriver.startSession(RemoteWebDriver.java:213)\n\tat org.openqa.selenium.remote.RemoteWebDriver.<init>(RemoteWebDriver.java:131)\n\tat org.openqa.selenium.remote.RemoteWebDriver.<init>(RemoteWebDriver.java:144)\n\tat com.web.tests.BaseTest.initialize(BaseTest.java:43)\n\tat com.web.tests.phpSite.BasePagesTest.before(BasePagesTest.java:12)\n\tat java.base/jdk.internal.reflect.NativeMethodAccessorImpl.invoke0(Native Method)\n\tat java.base/jdk.internal.reflect.NativeMethodAccessorImpl.invoke(NativeMethodAccessorImpl.java:62)\n\tat java.base/jdk.internal.reflect.DelegatingMethodAccessorImpl.invoke(DelegatingMethodAccessorImpl.java:43)\n\tat java.base/java.lang.reflect.Method.invoke(Method.java:566)\n\tat org.testng.internal.MethodInvocationHelper.invokeMethod(MethodInvocationHelper.java:108)\n\tat org.testng.internal.Invoker.invokeConfigurationMethod(Invoker.java:523)\n\tat org.testng.internal.Invoker.invokeConfigurations(Invoker.java:224)\n\tat org.testng.internal.Invoker.invokeConfigurations(Invoker.java:146)\n\tat org.testng.internal.TestMethodWorker.invokeBeforeClassMethods(TestMethodWorker.java:166)\n\tat org.testng.internal.TestMethodWorker.run(TestMethodWorker.java:105)\n\tat org.testng.TestRunner.privateRun(TestRunner.java:744)\n\tat org.testng.TestRunner.run(TestRunner.java:602)\n\tat org.testng.SuiteRunner.runTest(SuiteRunner.java:380)\n\tat org.testng.SuiteRunner.runSequentially(SuiteRunner.java:375)\n\tat org.testng.SuiteRunner.privateRun(SuiteRunner.java:340)\n\tat org.testng.SuiteRunner.run(SuiteRunner.java:289)\n\tat org.testng.SuiteRunnerWorker.runSuite(SuiteRunnerWorker.java:52)\n\tat org.testng.SuiteRunnerWorker.run(SuiteRunnerWorker.java:86)\n\tat org.testng.TestNG.runSuitesSequentially(TestNG.java:1301)\n\tat org.testng.TestNG.runSuitesLocally(TestNG.java:1226)\n\tat org.testng.TestNG.runSuites(TestNG.java:1144)\n\tat org.testng.TestNG.run(TestNG.java:1115)\n\tat org.apache.maven.surefire.testng.TestNGExecutor.run(TestNGExecutor.java:283)\n\tat org.apache.maven.surefire.testng.TestNGXmlTestSuite.execute(TestNGXmlTestSuite.java:75)\n\tat org.apache.maven.surefire.testng.TestNGProvider.invoke(TestNGProvider.java:120)\n\tat org.apache.maven.surefire.booter.ForkedBooter.invokeProviderInSameClassLoader(ForkedBooter.java:384)\n\tat org.apache.maven.surefire.booter.ForkedBooter.runSuitesInProcess(ForkedBooter.java:345)\n\tat org.apache.maven.surefire.booter.ForkedBooter.execute(ForkedBooter.java:126)\n\tat org.apache.maven.surefire.booter.ForkedBooter.main(ForkedBooter.java:418)\nCaused by: org.openqa.selenium.SessionNotCreatedException: session not created: No matching capabilities found\nBuild info: version: '3.141.59', revision: 'e82be7d358', time: '2018-11-14T08:25:53'\nSystem info: host: 'tindzhov-mbp', ip: 'fd80:717a:ae7f:1700:e816:bfca:3202:30b3%en0', os.name: 'Mac OS X', os.arch: 'x86_64', os.version: '10.14.6', java.version: '1.8.0_191'\nDriver info: driver.version: unknown\nremote stacktrace: 0   chromedriver                        0x000000010922d1b9 chromedriver + 4911545\n1   chromedriver                        0x00000001091cce03 chromedriver + 4517379\n2   chromedriver                        0x0000000108e3ada6 chromedriver + 773542\n3   chromedriver                        0x0000000108dc0b10 chromedriver + 273168\n4   chromedriver                        0x0000000108dc0168 chromedriver + 270696\n5   chromedriver                        0x0000000108dc158d chromedriver + 275853\n6   chromedriver                        0x0000000108dbe723 chromedriver + 263971\n7   chromedriver                        0x0000000108d98720 chromedriver + 108320\n8   chromedriver                        0x0000000108d99693 chromedriver + 112275\n9   chromedriver                        0x00000001091f5f72 chromedriver + 4685682\n10  chromedriver                        0x0000000109203b3a chromedriver + 4741946\n11  chromedriver                        0x0000000109203801 chromedriver + 4741121\n12  chromedriver                        0x00000001091d925e chromedriver + 4567646\n13  chromedriver                        0x0000000109204061 chromedriver + 4743265\n14  chromedriver                        0x00000001091ead0a chromedriver + 4640010\n15  chromedriver                        0x000000010921d0ba chromedriver + 4845754\n16  chromedriver                        0x0000000109233387 chromedriver + 4936583\n17  libsystem_pthread.dylib             0x00007fff78c442eb _pthread_body + 126\n18  libsystem_pthread.dylib             0x00007fff78c47249 _pthread_start + 66\n19  libsystem_pthread.dylib             0x00007fff78c4340d thread_start + 13\n\nBuild info: version: '3.141.59', revision: 'e82be7d358', time: '2018-11-14T08:17:03'\nSystem info: host: 'tindzhov-mbp', ip: 'fd80:717a:ae7f:1700:e816:bfca:3202:30b3%en0', os.name: 'Mac OS X', os.arch: 'x86_64', os.version: '10.14.6', java.version: '11.0.5'\nDriver info: driver.version: unknown\n\tat sun.reflect.NativeConstructorAccessorImpl.newInstance0(Native Method)\n\tat sun.reflect.NativeConstructorAccessorImpl.newInstance(NativeConstructorAccessorImpl.java:62)\n\tat sun.reflect.DelegatingConstructorAccessorImpl.newInstance(DelegatingConstructorAccessorImpl.java:45)\n\tat java.lang.reflect.Constructor.newInstance(Constructor.java:423)\n\tat org.openqa.selenium.remote.W3CHandshakeResponse.lambda$errorHandler$0(W3CHandshakeResponse.java:62)\n\tat org.openqa.selenium.remote.HandshakeResponse.lambda$getResponseFunction$0(HandshakeResponse.java:30)\n\tat org.openqa.selenium.remote.ProtocolHandshake.lambda$createSession$0(ProtocolHandshake.java:126)\n\tat java.util.stream.ReferencePipeline$3$1.accept(ReferencePipeline.java:193)\n\tat java.util.Spliterators$ArraySpliterator.tryAdvance(Spliterators.java:958)\n\tat java.util.stream.ReferencePipeline.forEachWithCancel(ReferencePipeline.java:126)\n\tat java.util.stream.AbstractPipeline.copyIntoWithCancel(AbstractPipeline.java:498)\n\tat java.util.stream.AbstractPipeline.copyInto(AbstractPipeline.java:485)\n\tat java.util.stream.AbstractPipeline.wrapAndCopyInto(AbstractPipeline.java:471)\n\tat java.util.stream.FindOps$FindOp.evaluateSequential(FindOps.java:152)\n\tat java.util.stream.AbstractPipeline.evaluate(AbstractPipeline.java:234)\n\tat java.util.stream.ReferencePipeline.findFirst(ReferencePipeline.java:464)\n\tat org.openqa.selenium.remote.ProtocolHandshake.createSession(ProtocolHandshake.java:128)\n\tat org.openqa.selenium.remote.ProtocolHandshake.createSession(ProtocolHandshake.java:74)\n\tat org.openqa.selenium.grid.session.remote.RemoteSession$Factory.performHandshake(RemoteSession.java:147)\n\tat org.openqa.selenium.grid.session.remote.ServicedSession$Factory.apply(ServicedSession.java:161)\n\tat org.openqa.selenium.remote.server.ActiveSessionFactory.lambda$apply$12(ActiveSessionFactory.java:180)\n\tat java.util.stream.ReferencePipeline$3$1.accept(ReferencePipeline.java:193)\n\tat java.util.stream.ReferencePipeline$11$1.accept(ReferencePipeline.java:373)\n\tat java.util.stream.ReferencePipeline$2$1.accept(ReferencePipeline.java:175)\n\tat java.util.Spliterators$ArraySpliterator.tryAdvance(Spliterators.java:958)\n\tat java.util.stream.ReferencePipeline.forEachWithCancel(ReferencePipeline.java:126)\n\tat java.util.stream.AbstractPipeline.copyIntoWithCancel(AbstractPipeline.java:498)\n\tat java.util.stream.AbstractPipeline.copyInto(AbstractPipeline.java:485)\n\tat java.util.stream.AbstractPipeline.wrapAndCopyInto(AbstractPipeline.java:471)\n\tat java.util.stream.FindOps$FindOp.evaluateSequential(FindOps.java:152)\n\tat java.util.stream.AbstractPipeline.evaluate(AbstractPipeline.java:234)\n\tat java.util.stream.ReferencePipeline.findFirst(ReferencePipeline.java:464)\n\tat org.openqa.selenium.remote.server.ActiveSessionFactory.apply(ActiveSessionFactory.java:183)\n\tat org.openqa.selenium.remote.server.NewSessionPipeline.lambda$null$2(NewSessionPipeline.java:66)\n\tat java.util.stream.ReferencePipeline$3$1.accept(ReferencePipeline.java:193)\n\tat java.util.stream.ReferencePipeline$2$1.accept(ReferencePipeline.java:175)\n\tat java.util.Collections$2.tryAdvance(Collections.java:4717)\n\tat java.util.stream.ReferencePipeline.forEachWithCancel(ReferencePipeline.java:126)\n\tat java.util.stream.AbstractPipeline.copyIntoWithCancel(AbstractPipeline.java:498)\n\tat java.util.stream.AbstractPipeline.copyInto(AbstractPipeline.java:485)\n\tat java.util.stream.AbstractPipeline.wrapAndCopyInto(AbstractPipeline.java:471)\n\tat java.util.stream.FindOps$FindOp.evaluateSequential(FindOps.java:152)\n\tat java.util.stream.AbstractPipeline.evaluate(AbstractPipeline.java:234)\n\tat java.util.stream.ReferencePipeline.findFirst(ReferencePipeline.java:464)\n\tat org.openqa.selenium.remote.server.NewSessionPipeline.lambda$createNewSession$3(NewSessionPipeline.java:69)\n\tat java.util.stream.ReferencePipeline$3$1.accept(ReferencePipeline.java:193)\n\tat java.util.stream.ReferencePipeline$3$1.accept(ReferencePipeline.java:193)\n\tat java.util.stream.ReferencePipeline$3$1.accept(ReferencePipeline.java:193)\n\tat java.util.stream.DistinctOps$1$2.accept(DistinctOps.java:175)\n\tat java.util.stream.ReferencePipeline$2$1.accept(ReferencePipeline.java:175)\n\tat java.util.stream.ReferencePipeline$3$1.accept(ReferencePipeline.java:193)\n\tat java.util.stream.ReferencePipeline$2$1.accept(ReferencePipeline.java:175)\n\tat java.util.stream.Streams$StreamBuilderImpl.tryAdvance(Streams.java:405)\n\tat java.util.stream.Streams$ConcatSpliterator.tryAdvance(Streams.java:728)\n\tat java.util.stream.ReferencePipeline.forEachWithCancel(ReferencePipeline.java:126)\n\tat java.util.stream.AbstractPipeline.copyIntoWithCancel(AbstractPipeline.java:498)\n\tat java.util.stream.AbstractPipeline.copyInto(AbstractPipeline.java:485)\n\tat java.util.stream.AbstractPipeline.wrapAndCopyInto(AbstractPipeline.java:471)\n\tat java.util.stream.FindOps$FindOp.evaluateSequential(FindOps.java:152)\n\tat java.util.stream.AbstractPipeline.evaluate(AbstractPipeline.java:234)\n\tat java.util.stream.ReferencePipeline.findFirst(ReferencePipeline.java:464)\n\tat org.openqa.selenium.remote.server.NewSessionPipeline.createNewSession(NewSessionPipeline.java:72)\n\tat org.openqa.selenium.remote.server.commandhandler.BeginSession.execute(BeginSession.java:65)\n\tat org.openqa.selenium.remote.server.WebDriverServlet.lambda$handle$0(WebDriverServlet.java:235)\n\tat java.util.concurrent.Executors$RunnableAdapter.call(Executors.java:511)\n\tat java.util.concurrent.FutureTask.run(FutureTask.java:266)\n\tat java.util.concurrent.ThreadPoolExecutor.runWorker(ThreadPoolExecutor.java:1149)\n\tat java.util.concurrent.ThreadPoolExecutor$Worker.run(ThreadPoolExecutor.java:624)\n\tat java.lang.Thread.run(Thread.java:748)\n"},"stage":"finished","description":"","steps":[],"attachments":[],"parameters":[],"start":1615376082715,"stop":1615376082793}],"afters":[],"links":[],"start":1615376051867,"stop":1615376082885}