{"name":"verifyThatChatWidgetContainerAppears","status":"skipped","statusDetails":{"known":false,"muted":false,"flaky":false,"message":"Unable to parse remote response: <html>\n<head><title>405 Not Allowed</title></head>\n<body bgcolor=\"white\">\n<center><h1>405 Not Allowed</h1></center>\n</body>\n</html>","trace":"org.openqa.selenium.WebDriverException: Unable to parse remote response: <html>\n<head><title>405 Not Allowed</title></head>\n<body bgcolor=\"white\">\n<center><h1>405 Not Allowed</h1></center>\n</body>\n</html>\n\tat org.openqa.selenium.remote.ProtocolHandshake.createSession(ProtocolHandshake.java:115)\n\tat org.openqa.selenium.remote.ProtocolHandshake.createSession(ProtocolHandshake.java:74)\n\tat org.openqa.selenium.remote.HttpCommandExecutor.execute(HttpCommandExecutor.java:136)\n\tat org.openqa.selenium.remote.RemoteWebDriver.execute(RemoteWebDriver.java:552)\n\tat org.openqa.selenium.remote.RemoteWebDriver.startSession(RemoteWebDriver.java:213)\n\tat org.openqa.selenium.remote.RemoteWebDriver.<init>(RemoteWebDriver.java:131)\n\tat org.openqa.selenium.remote.RemoteWebDriver.<init>(RemoteWebDriver.java:144)\n\tat com.web.tests.BaseTest.initialize(BaseTest.java:46)\n\tat com.web.tests.phpSite.BasePagesTest.before(BasePagesTest.java:12)\n\tat java.base/jdk.internal.reflect.NativeMethodAccessorImpl.invoke0(Native Method)\n\tat java.base/jdk.internal.reflect.NativeMethodAccessorImpl.invoke(NativeMethodAccessorImpl.java:62)\n\tat java.base/jdk.internal.reflect.DelegatingMethodAccessorImpl.invoke(DelegatingMethodAccessorImpl.java:43)\n\tat java.base/java.lang.reflect.Method.invoke(Method.java:566)\n\tat org.testng.internal.MethodInvocationHelper.invokeMethod(MethodInvocationHelper.java:108)\n\tat org.testng.internal.Invoker.invokeConfigurationMethod(Invoker.java:523)\n\tat org.testng.internal.Invoker.invokeConfigurations(Invoker.java:224)\n\tat org.testng.internal.Invoker.invokeConfigurations(Invoker.java:146)\n\tat org.testng.internal.TestMethodWorker.invokeBeforeClassMethods(TestMethodWorker.java:166)\n\tat org.testng.internal.TestMethodWorker.run(TestMethodWorker.java:105)\n\tat org.testng.TestRunner.privateRun(TestRunner.java:744)\n\tat org.testng.TestRunner.run(TestRunner.java:602)\n\tat org.testng.SuiteRunner.runTest(SuiteRunner.java:380)\n\tat org.testng.SuiteRunner.runSequentially(SuiteRunner.java:375)\n\tat org.testng.SuiteRunner.privateRun(SuiteRunner.java:340)\n\tat org.testng.SuiteRunner.run(SuiteRunner.java:289)\n\tat org.testng.SuiteRunnerWorker.runSuite(SuiteRunnerWorker.java:52)\n\tat org.testng.SuiteRunnerWorker.run(SuiteRunnerWorker.java:86)\n\tat org.testng.TestNG.runSuitesSequentially(TestNG.java:1301)\n\tat org.testng.TestNG.runSuitesLocally(TestNG.java:1226)\n\tat org.testng.TestNG.runSuites(TestNG.java:1144)\n\tat org.testng.TestNG.run(TestNG.java:1115)\n\tat org.apache.maven.surefire.testng.TestNGExecutor.run(TestNGExecutor.java:283)\n\tat org.apache.maven.surefire.testng.TestNGXmlTestSuite.execute(TestNGXmlTestSuite.java:75)\n\tat org.apache.maven.surefire.testng.TestNGProvider.invoke(TestNGProvider.java:120)\n\tat org.apache.maven.surefire.booter.ForkedBooter.invokeProviderInSameClassLoader(ForkedBooter.java:384)\n\tat org.apache.maven.surefire.booter.ForkedBooter.runSuitesInProcess(ForkedBooter.java:345)\n\tat org.apache.maven.surefire.booter.ForkedBooter.execute(ForkedBooter.java:126)\n\tat org.apache.maven.surefire.booter.ForkedBooter.main(ForkedBooter.java:418)\nCaused by: org.openqa.selenium.json.JsonException: Unable to determine type from: <. Last 1 characters read: <\nBuild info: version: '3.141.59', revision: 'e82be7d358', time: '2018-11-14T08:17:03'\nSystem info: host: 'tindzhov-mbp', ip: 'fd80:717a:ae7f:1700:e159:103:e995:9920%en0', os.name: 'Mac OS X', os.arch: 'x86_64', os.version: '10.14.6', java.version: '11.0.5'\nDriver info: driver.version: RemoteWebDriver\n\tat org.openqa.selenium.json.JsonInput.peek(JsonInput.java:122)\n\tat org.openqa.selenium.json.JsonTypeCoercer.lambda$null$6(JsonTypeCoercer.java:140)\n\tat org.openqa.selenium.json.JsonTypeCoercer.coerce(JsonTypeCoercer.java:126)\n\tat org.openqa.selenium.json.Json.toType(Json.java:69)\n\tat org.openqa.selenium.json.Json.toType(Json.java:55)\n\tat org.openqa.selenium.json.Json.toType(Json.java:50)\n\tat org.openqa.selenium.remote.ProtocolHandshake.createSession(ProtocolHandshake.java:112)\n\t... 37 more\n"},"stage":"finished","steps":[],"attachments":[],"parameters":[],"start":1615302475236,"stop":1615302475238,"uuid":"ce5d746a-d7a3-4428-afbe-75ba627537ad","historyId":"e1e0a5584f48ab82e63194396821a545","fullName":"com.web.tests.phpSite.phpTravels.homeTests.HomePageElementsVerification.verifyThatChatWidgetContainerAppears","labels":[{"name":"package","value":"com.web.tests.phpSite.phpTravels.homeTests.HomePageElementsVerification"},{"name":"testClass","value":"com.web.tests.phpSite.phpTravels.homeTests.HomePageElementsVerification"},{"name":"testMethod","value":"verifyThatChatWidgetContainerAppears"},{"name":"parentSuite","value":"Suit"},{"name":"suite","value":"AbnAttributes"},{"name":"subSuite","value":"com.web.tests.phpSite.phpTravels.homeTests.HomePageElementsVerification"},{"name":"host","value":"tindzhov-mbp"},{"name":"thread","value":"37732@tindzhov-mbp.main(1)"},{"name":"framework","value":"testng"},{"name":"language","value":"java"}],"links":[]}